TN:
SF:src\components\App\App.tsx
FN:13,App
FN:34,addNewTask
FN:38,toggleTaskStatus
FN:46,clearCompletedTasks
FNF:4
FNH:3
FNDA:12,App
FNDA:2,addNewTask
FNDA:1,toggleTaskStatus
FNDA:0,clearCompletedTasks
DA:1,1
DA:2,1
DA:3,1
DA:4,1
DA:5,1
DA:6,1
DA:7,1
DA:8,1
DA:9,1
DA:10,1
DA:11,1
DA:12,1
DA:13,12
DA:14,12
DA:15,12
DA:16,12
DA:17,12
DA:18,12
DA:19,12
DA:20,12
DA:21,6
DA:22,6
DA:23,6
DA:24,6
DA:25,6
DA:26,0
DA:27,0
DA:28,6
DA:29,0
DA:30,0
DA:31,6
DA:32,12
DA:33,12
DA:34,12
DA:35,2
DA:36,2
DA:37,12
DA:38,12
DA:39,1
DA:40,1
DA:41,1
DA:42,1
DA:43,1
DA:44,1
DA:45,12
DA:46,12
DA:47,0
DA:48,0
DA:49,12
DA:50,12
DA:51,12
DA:52,12
DA:53,12
DA:54,12
DA:55,12
DA:56,12
DA:57,12
DA:58,12
DA:59,12
DA:60,12
DA:61,12
DA:62,12
DA:63,12
DA:64,12
DA:65,12
DA:66,1
DA:67,1
LF:67
LH:61
BRDA:13,0,0,12
BRDA:20,1,0,6
BRDA:25,2,0,0
BRDA:28,3,0,0
BRDA:34,4,0,2
BRDA:38,5,0,1
BRDA:40,6,0,1
BRDA:41,7,0,0
BRF:8
BRH:5
end_of_record
TN:
SF:src\components\NewTaskForm\NewTaskForm.tsx
FN:9,NewTaskForm
FN:17,handleInputChange
FN:21,handleSubmit
FNF:3
FNH:3
FNDA:20,NewTaskForm
FNDA:3,handleInputChange
FNDA:2,handleSubmit
DA:1,1
DA:2,1
DA:3,1
DA:4,1
DA:5,1
DA:6,1
DA:7,1
DA:8,1
DA:9,1
DA:10,20
DA:11,20
DA:12,20
DA:13,20
DA:14,10
DA:15,20
DA:16,20
DA:17,20
DA:18,3
DA:19,3
DA:20,20
DA:21,20
DA:22,2
DA:23,2
DA:24,2
DA:25,2
DA:26,2
DA:27,2
DA:28,2
DA:29,2
DA:30,2
DA:31,20
DA:32,20
DA:33,20
DA:34,20
DA:35,20
DA:36,20
DA:37,20
DA:38,20
DA:39,20
DA:40,20
DA:41,20
DA:42,20
DA:43,20
DA:44,20
DA:45,20
DA:46,20
DA:47,20
DA:48,20
DA:49,20
DA:50,20
LF:50
LH:50
BRDA:9,0,0,20
BRDA:13,1,0,10
BRDA:17,2,0,3
BRDA:21,3,0,2
BRF:4
BRH:4
end_of_record
TN:
SF:src\components\Tasks\Tasks.tsx
FN:10,Tasks
FN:17,onClick
FNF:2
FNH:2
FNDA:13,Tasks
FNDA:1,onClick
DA:1,1
DA:2,1
DA:3,1
DA:4,1
DA:5,1
DA:6,1
DA:7,1
DA:8,1
DA:9,1
DA:10,1
DA:11,13
DA:12,13
DA:13,13
DA:14,6
DA:15,6
DA:16,6
DA:17,6
DA:18,6
DA:19,6
DA:20,6
DA:21,2
DA:22,6
DA:23,4
DA:24,6
DA:25,6
DA:26,6
DA:27,6
DA:28,13
DA:29,13
DA:30,13
DA:31,13
LF:31
LH:31
BRDA:10,0,0,13
BRDA:13,1,0,6
BRDA:16,2,0,2
BRDA:16,3,0,4
BRDA:20,4,0,2
BRDA:22,5,0,4
BRDA:17,6,0,1
BRF:7
BRH:7
end_of_record
TN:
SF:src\components\TodoFooter\TodoFooter.tsx
FN:12,TodoFooter
FN:28,onClick
FN:34,onClick
FN:40,onClick
FNF:4
FNH:1
FNDA:14,TodoFooter
FNDA:0,onClick
FNDA:0,onClick
FNDA:0,onClick
DA:1,1
DA:2,1
DA:3,1
DA:4,1
DA:5,1
DA:6,1
DA:7,1
DA:8,1
DA:9,1
DA:10,1
DA:11,1
DA:12,1
DA:13,14
DA:14,14
DA:15,14
DA:16,14
DA:17,14
DA:18,14
DA:19,14
DA:20,14
DA:21,14
DA:22,14
DA:23,14
DA:24,14
DA:25,14
DA:26,14
DA:27,14
DA:28,14
DA:29,14
DA:30,14
DA:31,14
DA:32,14
DA:33,14
DA:34,14
DA:35,14
DA:36,14
DA:37,14
DA:38,14
DA:39,14
DA:40,14
DA:41,14
DA:42,14
DA:43,14
DA:44,14
DA:45,14
DA:46,14
DA:47,14
DA:48,14
DA:49,14
DA:50,14
DA:51,14
DA:52,14
DA:53,14
DA:54,14
DA:55,14
LF:55
LH:55
BRDA:12,0,0,14
BRDA:29,1,0,0
BRDA:35,2,0,0
BRDA:41,3,0,0
BRDA:18,4,0,10
BRDA:19,5,0,10
BRF:6
BRH:3
end_of_record
